-------------------------------------------------------------------------------
Test set: com.lloms.outlet_service.service.impl.CustomerOrderServiceImplTest
-------------------------------------------------------------------------------
Tests run: 5, Failures: 0, Errors: 5, Skipped: 0, Time elapsed: 0.018 s <<< FAILURE! -- in com.lloms.outlet_service.service.impl.CustomerOrderServiceImplTest
com.lloms.outlet_service.service.impl.CustomerOrderServiceImplTest.testFindAllByOutletId -- Time elapsed: 0.004 s <<< ERROR!
java.lang.NullPointerException: Cannot invoke "com.lloms.outlet_service.repository.CustomerOrderRepository.findAll()" because "this.customerOrderRepository" is null
	at com.lloms.outlet_service.service.impl.CustomerOrderServiceImplTest.testFindAllByOutletId(CustomerOrderServiceImplTest.java:95)
	at java.base/java.lang.reflect.Method.invoke(Method.java:580)
	at java.base/java.util.ArrayList.forEach(ArrayList.java:1596)
	at java.base/java.util.ArrayList.forEach(ArrayList.java:1596)

com.lloms.outlet_service.service.impl.CustomerOrderServiceImplTest.testGetCusOrderItems -- Time elapsed: 0.003 s <<< ERROR!
java.lang.NullPointerException: Cannot invoke "com.lloms.outlet_service.service.intercommunication.ProductApiClient.getPriceListByDateAndProductIdList(com.lloms.outlet_service.dto.intercommunication.RequestDateAndPriceListDTO)" because "this.productApiClient" is null
	at com.lloms.outlet_service.service.impl.CustomerOrderServiceImplTest.testGetCusOrderItems(CustomerOrderServiceImplTest.java:116)
	at java.base/java.lang.reflect.Method.invoke(Method.java:580)
	at java.base/java.util.ArrayList.forEach(ArrayList.java:1596)
	at java.base/java.util.ArrayList.forEach(ArrayList.java:1596)

com.lloms.outlet_service.service.impl.CustomerOrderServiceImplTest.testFindAllByOutletIdAndMonthAndDate -- Time elapsed: 0.002 s <<< ERROR!
java.lang.NullPointerException: Cannot invoke "com.lloms.outlet_service.repository.CustomerOrderRepository.findAllByOutletAndYearAndMonth(int, int, int)" because "this.customerOrderRepository" is null
	at com.lloms.outlet_service.service.impl.CustomerOrderServiceImplTest.testFindAllByOutletIdAndMonthAndDate(CustomerOrderServiceImplTest.java:146)
	at java.base/java.lang.reflect.Method.invoke(Method.java:580)
	at java.base/java.util.ArrayList.forEach(ArrayList.java:1596)
	at java.base/java.util.ArrayList.forEach(ArrayList.java:1596)

com.lloms.outlet_service.service.impl.CustomerOrderServiceImplTest.testFindAllByOutletIdAndDate -- Time elapsed: 0.001 s <<< ERROR!
java.lang.NullPointerException: Cannot invoke "com.lloms.outlet_service.util.functions.ServiceFunctions.makeDate(String)" because "this.serviceFunctions" is null
	at com.lloms.outlet_service.service.impl.CustomerOrderServiceImplTest.testFindAllByOutletIdAndDate(CustomerOrderServiceImplTest.java:131)
	at java.base/java.lang.reflect.Method.invoke(Method.java:580)
	at java.base/java.util.ArrayList.forEach(ArrayList.java:1596)
	at java.base/java.util.ArrayList.forEach(ArrayList.java:1596)

com.lloms.outlet_service.service.impl.CustomerOrderServiceImplTest.testSaveCusOrder -- Time elapsed: 0.001 s <<< ERROR!
java.lang.NullPointerException: Cannot invoke "com.lloms.outlet_service.repository.OutletRepository.findById(Object)" because "this.outletRepository" is null
	at com.lloms.outlet_service.service.impl.CustomerOrderServiceImplTest.testSaveCusOrder(CustomerOrderServiceImplTest.java:80)
	at java.base/java.lang.reflect.Method.invoke(Method.java:580)
	at java.base/java.util.ArrayList.forEach(ArrayList.java:1596)
	at java.base/java.util.ArrayList.forEach(ArrayList.java:1596)

