<?xml version="1.0" encoding="UTF-8"?>
<testsuite xmlns:xsi="http://www.w3.org/2001/XMLSchema-instance" xsi:noNamespaceSchemaLocation="https://maven.apache.org/surefire/maven-surefire-plugin/xsd/surefire-test-report-3.0.xsd" version="3.0" name="com.lloms.outlet_service.service.impl.CustomerOrderServiceImplTest" time="0.018" tests="5" errors="5" skipped="0" failures="0">
  <properties>
[...]
</properties>
  <testcase name="testFindAllByOutletId" classname="com.lloms.outlet_service.service.impl.CustomerOrderServiceImplTest" time="0.004">
    <error message="Cannot invoke &quot;com.lloms.outlet_service.repository.CustomerOrderRepository.findAll()&quot; because &quot;this.customerOrderRepository&quot; is null" type="java.lang.NullPointerException"><![CDATA[java.lang.NullPointerException: Cannot invoke "com.lloms.outlet_service.repository.CustomerOrderRepository.findAll()" because "this.customerOrderRepository" is null
	at com.lloms.outlet_service.service.impl.CustomerOrderServiceImplTest.testFindAllByOutletId(CustomerOrderServiceImplTest.java:95)
	at java.base/java.lang.reflect.Method.invoke(Method.java:580)
	at java.base/java.util.ArrayList.forEach(ArrayList.java:1596)
	at java.base/java.util.ArrayList.forEach(ArrayList.java:1596)
]]></error>
  </testcase>
  <testcase name="testGetCusOrderItems" classname="com.lloms.outlet_service.service.impl.CustomerOrderServiceImplTest" time="0.003">
    <error message="Cannot invoke &quot;com.lloms.outlet_service.service.intercommunication.ProductApiClient.getPriceListByDateAndProductIdList(com.lloms.outlet_service.dto.intercommunication.RequestDateAndPriceListDTO)&quot; because &quot;this.productApiClient&quot; is null" type="java.lang.NullPointerException"><![CDATA[java.lang.NullPointerException: Cannot invoke "com.lloms.outlet_service.service.intercommunication.ProductApiClient.getPriceListByDateAndProductIdList(com.lloms.outlet_service.dto.intercommunication.RequestDateAndPriceListDTO)" because "this.productApiClient" is null
	at com.lloms.outlet_service.service.impl.CustomerOrderServiceImplTest.testGetCusOrderItems(CustomerOrderServiceImplTest.java:116)
	at java.base/java.lang.reflect.Method.invoke(Method.java:580)
	at java.base/java.util.ArrayList.forEach(ArrayList.java:1596)
	at java.base/java.util.ArrayList.forEach(ArrayList.java:1596)
]]></error>
  </testcase>
  <testcase name="testFindAllByOutletIdAndMonthAndDate" classname="com.lloms.outlet_service.service.impl.CustomerOrderServiceImplTest" time="0.002">
    <error message="Cannot invoke &quot;com.lloms.outlet_service.repository.CustomerOrderRepository.findAllByOutletAndYearAndMonth(int, int, int)&quot; because &quot;this.customerOrderRepository&quot; is null" type="java.lang.NullPointerException"><![CDATA[java.lang.NullPointerException: Cannot invoke "com.lloms.outlet_service.repository.CustomerOrderRepository.findAllByOutletAndYearAndMonth(int, int, int)" because "this.customerOrderRepository" is null
	at com.lloms.outlet_service.service.impl.CustomerOrderServiceImplTest.testFindAllByOutletIdAndMonthAndDate(CustomerOrderServiceImplTest.java:146)
	at java.base/java.lang.reflect.Method.invoke(Method.java:580)
	at java.base/java.util.ArrayList.forEach(ArrayList.java:1596)
	at java.base/java.util.ArrayList.forEach(ArrayList.java:1596)
]]></error>
  </testcase>
  <testcase name="testFindAllByOutletIdAndDate" classname="com.lloms.outlet_service.service.impl.CustomerOrderServiceImplTest" time="0.001">
    <error message="Cannot invoke &quot;com.lloms.outlet_service.util.functions.ServiceFunctions.makeDate(String)&quot; because &quot;this.serviceFunctions&quot; is null" type="java.lang.NullPointerException"><![CDATA[java.lang.NullPointerException: Cannot invoke "com.lloms.outlet_service.util.functions.ServiceFunctions.makeDate(String)" because "this.serviceFunctions" is null
	at com.lloms.outlet_service.service.impl.CustomerOrderServiceImplTest.testFindAllByOutletIdAndDate(CustomerOrderServiceImplTest.java:131)
	at java.base/java.lang.reflect.Method.invoke(Method.java:580)
	at java.base/java.util.ArrayList.forEach(ArrayList.java:1596)
	at java.base/java.util.ArrayList.forEach(ArrayList.java:1596)
]]></error>
  </testcase>
  <testcase name="testSaveCusOrder" classname="com.lloms.outlet_service.service.impl.CustomerOrderServiceImplTest" time="0.001">
    <error message="Cannot invoke &quot;com.lloms.outlet_service.repository.OutletRepository.findById(Object)&quot; because &quot;this.outletRepository&quot; is null" type="java.lang.NullPointerException"><![CDATA[java.lang.NullPointerException: Cannot invoke "com.lloms.outlet_service.repository.OutletRepository.findById(Object)" because "this.outletRepository" is null
	at com.lloms.outlet_service.service.impl.CustomerOrderServiceImplTest.testSaveCusOrder(CustomerOrderServiceImplTest.java:80)
	at java.base/java.lang.reflect.Method.invoke(Method.java:580)
	at java.base/java.util.ArrayList.forEach(ArrayList.java:1596)
	at java.base/java.util.ArrayList.forEach(ArrayList.java:1596)
]]></error>
  </testcase>
</testsuite>