<?xml version="1.0" encoding="UTF-8"?>
<testsuite xmlns:xsi="http://www.w3.org/2001/XMLSchema-instance" xsi:noNamespaceSchemaLocation="https://maven.apache.org/surefire/maven-surefire-plugin/xsd/surefire-test-report-3.0.xsd" version="3.0" name="com.lloms.outlet_service.OutletServiceApplicationTests" time="10.935" tests="1" errors="0" skipped="0" failures="0">
  <properties>
[...]
</properties>
  <testcase name="contextLoads" classname="com.lloms.outlet_service.OutletServiceApplicationTests" time="0.412">
    <system-out><![CDATA[11:05:52.878 [main] INFO org.springframework.test.context.support.AnnotationConfigContextLoaderUtils -- Could not detect default configuration classes for test class [com.lloms.outlet_service.OutletServiceApplicationTests]: OutletServiceApplicationTests does not declare any static, non-private, non-final, nested classes annotated with @Configuration.
11:05:52.949 [main] INFO org.springframework.boot.test.context.SpringBootTestContextBootstrapper -- Found @SpringBootConfiguration com.lloms.outlet_service.OutletServiceApplication for test class com.lloms.outlet_service.OutletServiceApplicationTests

  .   ____          _            __ _ _
 /\\ / ___'_ __ _ _(_)_ __  __ _ \ \ \ \
( ( )\___ | '_ | '_| | '_ \/ _` | \ \ \ \
 \\/  ___)| |_)| | | | | || (_| |  ) ) ) )
  '  |____| .__|_| |_|_| |_\__, | / / / /
 =========|_|==============|___/=/_/_/_/

 :: Spring Boot ::                (v3.3.6)

2025-03-08T11:05:53.231+05:30  INFO 68975 --- [OUTLET-SERVICE] [           main] c.l.o.OutletServiceApplicationTests      : Starting OutletServiceApplicationTests using Java 21.0.2 with PID 68975 (started by rashmithakaushalya in /Users/rashmithakaushalya/Downloads/untitled folder 2/outlet-service)
2025-03-08T11:05:53.232+05:30  INFO 68975 --- [OUTLET-SERVICE] [           main] c.l.o.OutletServiceApplicationTests      : No active profile set, falling back to 1 default profile: "default"
2025-03-08T11:05:54.143+05:30  INFO 68975 --- [OUTLET-SERVICE] [           main] .s.d.r.c.RepositoryConfigurationDelegate : Bootstrapping Spring Data JPA repositories in DEFAULT mode.
2025-03-08T11:05:54.281+05:30  INFO 68975 --- [OUTLET-SERVICE] [           main] .s.d.r.c.RepositoryConfigurationDelegate : Finished Spring Data repository scanning in 129 ms. Found 6 JPA repository interfaces.
2025-03-08T11:05:54.765+05:30  INFO 68975 --- [OUTLET-SERVICE] [           main] o.hibernate.jpa.internal.util.LogHelper  : HHH000204: Processing PersistenceUnitInfo [name: default]
2025-03-08T11:05:54.811+05:30  INFO 68975 --- [OUTLET-SERVICE] [           main] org.hibernate.Version                    : HHH000412: Hibernate ORM core version 6.5.3.Final
2025-03-08T11:05:54.836+05:30  INFO 68975 --- [OUTLET-SERVICE] [           main] o.h.c.internal.RegionFactoryInitiator    : HHH000026: Second-level cache disabled
2025-03-08T11:05:55.050+05:30  INFO 68975 --- [OUTLET-SERVICE] [           main] o.s.o.j.p.SpringPersistenceUnitInfo      : No LoadTimeWeaver setup: ignoring JPA class transformer
2025-03-08T11:05:55.069+05:30  INFO 68975 --- [OUTLET-SERVICE] [           main] com.zaxxer.hikari.HikariDataSource       : HikariPool-1 - Starting...
2025-03-08T11:05:57.554+05:30  INFO 68975 --- [OUTLET-SERVICE] [           main] com.zaxxer.hikari.pool.HikariPool        : HikariPool-1 - Added connection com.mysql.cj.jdbc.ConnectionImpl@66e12c3b
2025-03-08T11:05:57.560+05:30  INFO 68975 --- [OUTLET-SERVICE] [           main] com.zaxxer.hikari.HikariDataSource       : HikariPool-1 - Start completed.
2025-03-08T11:05:58.665+05:30  INFO 68975 --- [OUTLET-SERVICE] [           main] o.h.e.t.j.p.i.JtaPlatformInitiator       : HHH000489: No JTA platform available (set 'hibernate.transaction.jta.platform' to enable JTA platform integration)
2025-03-08T11:06:01.694+05:30  INFO 68975 --- [OUTLET-SERVICE] [           main] j.LocalContainerEntityManagerFactoryBean : Initialized JPA EntityManagerFactory for persistence unit 'default'
2025-03-08T11:06:02.322+05:30  WARN 68975 --- [OUTLET-SERVICE] [           main] JpaBaseConfiguration$JpaWebConfiguration : spring.jpa.open-in-view is enabled by default. Therefore, database queries may be performed during view rendering. Explicitly configure spring.jpa.open-in-view to disable this warning
2025-03-08T11:06:03.262+05:30  INFO 68975 --- [OUTLET-SERVICE] [           main] c.l.o.OutletServiceApplicationTests      : Started OutletServiceApplicationTests in 10.216 seconds (process running for 10.912)
]]></system-out>
    <system-err><![CDATA[WARNING: A Java agent has been loaded dynamically (/Users/rashmithakaushalya/.m2/repository/net/bytebuddy/byte-buddy-agent/1.14.19/byte-buddy-agent-1.14.19.jar)
WARNING: If a serviceability tool is in use, please run with -XX:+EnableDynamicAgentLoading to hide this warning
WARNING: If a serviceability tool is not in use, please run with -Djdk.instrument.traceUsage for more information
WARNING: Dynamic loading of agents will be disallowed by default in a future release
]]></system-err>
  </testcase>
</testsuite>