<?xml version="1.0" encoding="UTF-8"?>
<testsuite xmlns:xsi="http://www.w3.org/2001/XMLSchema-instance" xsi:noNamespaceSchemaLocation="https://maven.apache.org/surefire/maven-surefire-plugin/xsd/surefire-test-report-3.0.xsd" version="3.0" name="com.lloms.outlet_service.service.impl.CustomerOrderServiceImplTest" time="0.496" tests="6" errors="0" skipped="0" failures="0">
  <properties>
[...]
</properties>
  <testcase name="findAllByOutletId_ShouldReturnEmptyList_WhenNoOrdersExist" classname="com.lloms.outlet_service.service.impl.CustomerOrderServiceImplTest" time="0.447"/>
  <testcase name="saveCusOrder_ShouldThrowException_WhenOutletNotFound" classname="com.lloms.outlet_service.service.impl.CustomerOrderServiceImplTest" time="0.013"/>
  <testcase name="findAllByOutletIdAndDate_ShouldReturnOrders_WhenOrdersExistForDate" classname="com.lloms.outlet_service.service.impl.CustomerOrderServiceImplTest" time="0.016"/>
  <testcase name="getCusOrderItems_ShouldHandleApiErrorGracefully" classname="com.lloms.outlet_service.service.impl.CustomerOrderServiceImplTest" time="0.006"/>
  <testcase name="findAllByOutletId_ShouldReturnOrders_WhenOrdersExist" classname="com.lloms.outlet_service.service.impl.CustomerOrderServiceImplTest" time="0.004"/>
  <testcase name="findAllByOutletIdAndMonthAndDate_ShouldReturnOrders_WhenOrdersExistForMonth" classname="com.lloms.outlet_service.service.impl.CustomerOrderServiceImplTest" time="0.004"/>
</testsuite>